[7032]2017.02.27 15:35:50 we are started|parameters count 1
[7032]2017.02.27 15:35:50 next parameters can be specified:
[7032]2017.02.27 15:35:50 g:-2.5 h:2.3 sx:8 sy:3 sz:2 wx:0 wy:-7.1 wz:0  (default values)
[7032]2017.02.27 15:35:50  g: gravity  (meters / (second*second)) = default acceleration for Z
[7032]2017.02.27 15:35:50  h: height (will be converted into positive value in any case)  (meters)
[7032]2017.02.27 15:35:50  height treated as initial Z coordinate, initial x and y are 0 both
[7032]2017.02.27 15:35:50  sx: speed in x Axis  (meters / second)
[7032]2017.02.27 15:35:50  sy: speed in y Axis  (meters / second)
[7032]2017.02.27 15:35:50  sz: speed in z Axis  (meters / second)
[7032]2017.02.27 15:35:50  wx: wind speed in x Axis  (meters /(second*second))   it's like we are doing acceleration
[7032]2017.02.27 15:35:50  wy: wind speed in y Axis   (meters / (second*second))  it's like we are doing acceleration
[7032]2017.02.27 15:35:50  wz: wind speed in z Axis  (meters / (second*second))  it's like we are doing acceleration
[7032]2017.02.27 15:35:50  NOTE: overwrite every parameter to change default values
[7032]2017.02.27 15:35:50 ball start fly time 0.00|	 now at [x,y,z]:[0.00, 0.00, 2.30]meters|	 with speed [8.00, 3.00, 2.00] meters/second|	 under forses [0.00, -7.10, -2.50] meters /square second
[7032]2017.02.27 15:35:50 ball fly time 0.01|	 now at [x,y,z]:[0.05, 0.02, 2.31](m)|	 with speed [8.00, 2.95, 1.98](m/s)
[7032]2017.02.27 15:35:50 ball fly time 0.02|	 now at [x,y,z]:[0.15, 0.05, 2.34](m)|	 with speed [8.00, 2.86, 1.95](m/s)
[7032]2017.02.27 15:35:50 ball fly time 0.03|	 now at [x,y,z]:[0.24, 0.08, 2.36](m)|	 with speed [8.00, 2.78, 1.92](m/s)
[7032]2017.02.27 15:35:50 ball fly time 0.05|	 now at [x,y,z]:[0.37, 0.12, 2.39](m)|	 with speed [8.00, 2.67, 1.88](m/s)
[7032]2017.02.27 15:35:50 ball fly time 0.05|	 now at [x,y,z]:[0.41, 0.13, 2.40](m)|	 with speed [8.00, 2.64, 1.87](m/s)
[7032]2017.02.27 15:35:50 ball fly time 0.06|	 now at [x,y,z]:[0.45, 0.15, 2.41](m)|	 with speed [8.00, 2.60, 1.86](m/s)
[7032]2017.02.27 15:35:50 ball fly time 0.06|	 now at [x,y,z]:[0.50, 0.16, 2.42](m)|	 with speed [8.00, 2.55, 1.84](m/s)
[7032]2017.02.27 15:35:50 ball fly time 0.07|	 now at [x,y,z]:[0.54, 0.17, 2.42](m)|	 with speed [8.00, 2.52, 1.83](m/s)
[7032]2017.02.27 15:35:50 ball fly time 0.07|	 now at [x,y,z]:[0.55, 0.17, 2.43](m)|	 with speed [8.00, 2.51, 1.83](m/s)
[7032]2017.02.27 15:35:50 ball fly time 0.07|	 now at [x,y,z]:[0.57, 0.18, 2.43](m)|	 with speed [8.00, 2.50, 1.82](m/s)
[7032]2017.02.27 15:35:50 ball fly time 0.07|	 now at [x,y,z]:[0.58, 0.18, 2.43](m)|	 with speed [8.00, 2.48, 1.82](m/s)
[7032]2017.02.27 15:35:50 ball fly time 0.08|	 now at [x,y,z]:[0.62, 0.19, 2.44](m)|	 with speed [8.00, 2.45, 1.81](m/s)
[7032]2017.02.27 15:35:50 ball fly time 0.08|	 now at [x,y,z]:[0.64, 0.19, 2.44](m)|	 with speed [8.00, 2.43, 1.80](m/s)
[7032]2017.02.27 15:35:50 ball fly time 0.08|	 now at [x,y,z]:[0.66, 0.20, 2.45](m)|	 with speed [8.00, 2.42, 1.79](m/s)
[7032]2017.02.27 15:35:50 ball fly time 0.08|	 now at [x,y,z]:[0.67, 0.20, 2.45](m)|	 with speed [8.00, 2.40, 1.79](m/s)
[7032]2017.02.27 15:35:50 ball fly time 0.09|	 now at [x,y,z]:[0.69, 0.21, 2.45](m)|	 with speed [8.00, 2.39, 1.78](m/s)
[7032]2017.02.27 15:35:50 ball fly time 0.09|	 now at [x,y,z]:[0.73, 0.22, 2.46](m)|	 with speed [8.00, 2.35, 1.77](m/s)
[10256]2017.02.27 15:35:50 data income
[7032]2017.02.27 15:35:50 ball fly time 0.10|	 now at [x,y,z]:[0.81, 0.23, 2.48](m)|	 with speed [8.00, 2.28, 1.75](m/s)
[10256]2017.02.27 15:35:50 data income
[7032]2017.02.27 15:35:50 ball fly time 0.10|	 now at [x,y,z]:[0.83, 0.23, 2.48](m)|	 with speed [8.00, 2.26, 1.74](m/s)
[10256]2017.02.27 15:35:50 data income
[7032]2017.02.27 15:35:50 ball fly time 0.11|	 now at [x,y,z]:[0.85, 0.24, 2.48](m)|	 with speed [8.00, 2.25, 1.73](m/s)
[10256]2017.02.27 15:35:50 data income
[10256]2017.02.27 15:35:50 data income
[10256]2017.02.27 15:35:50 data income
[7032]2017.02.27 15:35:50 ball fly time 0.11|	 now at [x,y,z]:[0.89, 0.25, 2.49](m)|	 with speed [8.00, 2.21, 1.72](m/s)
[10256]2017.02.27 15:35:50 data income
[10256]2017.02.27 15:35:50 data income
[7032]2017.02.27 15:35:50 ball fly time 0.12|	 now at [x,y,z]:[0.94, 0.26, 2.50](m)|	 with speed [8.00, 2.16, 1.70](m/s)
[10256]2017.02.27 15:35:50 data income
[7032]2017.02.27 15:35:50 ball fly time 0.12|	 now at [x,y,z]:[0.97, 0.26, 2.51](m)|	 with speed [8.00, 2.14, 1.70](m/s)
[10256]2017.02.27 15:35:50 data income
[7032]2017.02.27 15:35:50 ball fly time 0.12|	 now at [x,y,z]:[0.99, 0.26, 2.51](m)|	 with speed [8.00, 2.12, 1.69](m/s)
[10256]2017.02.27 15:35:50 data income
[7032]2017.02.27 15:35:50 ball fly time 0.13|	 now at [x,y,z]:[1.03, 0.27, 2.52](m)|	 with speed [8.00, 2.08, 1.68](m/s)
[10256]2017.02.27 15:35:50 data income
[7032]2017.02.27 15:35:50 ball fly time 0.13|	 now at [x,y,z]:[1.06, 0.27, 2.52](m)|	 with speed [8.00, 2.06, 1.67](m/s)
[10256]2017.02.27 15:35:50 data income
[7032]2017.02.27 15:35:50 ball fly time 0.14|	 now at [x,y,z]:[1.09, 0.28, 2.53](m)|	 with speed [8.00, 2.04, 1.66](m/s)
[10256]2017.02.27 15:35:50 data income
[7032]2017.02.27 15:35:50 ball fly time 0.14|	 now at [x,y,z]:[1.11, 0.28, 2.53](m)|	 with speed [8.00, 2.02, 1.65](m/s)
[10256]2017.02.27 15:35:50 data income
[7032]2017.02.27 15:35:50 ball fly time 0.14|	 now at [x,y,z]:[1.15, 0.28, 2.54](m)|	 with speed [8.00, 1.98, 1.64](m/s)
[10256]2017.02.27 15:35:50 data income
[7032]2017.02.27 15:35:50 ball fly time 0.15|	 now at [x,y,z]:[1.19, 0.29, 2.54](m)|	 with speed [8.00, 1.94, 1.63](m/s)
[10256]2017.02.27 15:35:50 data income
[7032]2017.02.27 15:35:50 ball fly time 0.15|	 now at [x,y,z]:[1.21, 0.29, 2.55](m)|	 with speed [8.00, 1.92, 1.62](m/s)
[10256]2017.02.27 15:35:50 data income
[7032]2017.02.27 15:35:50 ball fly time 0.16|	 now at [x,y,z]:[1.24, 0.29, 2.55](m)|	 with speed [8.00, 1.90, 1.61](m/s)
[7032]2017.02.27 15:35:50 ball fly time 0.16|	 now at [x,y,z]:[1.31, 0.30, 2.56](m)|	 with speed [8.00, 1.84, 1.59](m/s)
[10256]2017.02.27 15:35:50 data income
[10256]2017.02.27 15:35:50 data income
[10256]2017.02.27 15:35:50 data income
[10256]2017.02.27 15:35:50 data income
[10256]2017.02.27 15:35:50 data income
[10256]2017.02.27 15:35:50 data income
[7032]2017.02.27 15:35:50 ball fly time 0.18|	 now at [x,y,z]:[1.43, 0.31, 2.58](m)|	 with speed [8.00, 1.73, 1.55](m/s)
[10256]2017.02.27 15:35:50 data income
[7032]2017.02.27 15:35:50 ball fly time 0.19|	 now at [x,y,z]:[1.54, 0.31, 2.59](m)|	 with speed [8.00, 1.63, 1.52](m/s)
[10256]2017.02.27 15:35:50 data income
[7032]2017.02.27 15:35:50 ball fly time 0.20|	 now at [x,y,z]:[1.57, 0.32, 2.60](m)|	 with speed [8.00, 1.61, 1.51](m/s)
[10256]2017.02.27 15:35:50 data income
[7032]2017.02.27 15:35:50 ball fly time 0.20|	 now at [x,y,z]:[1.59, 0.32, 2.60](m)|	 with speed [8.00, 1.59, 1.50](m/s)
[10256]2017.02.27 15:35:50 data income
[7032]2017.02.27 15:35:50 ball fly time 0.20|	 now at [x,y,z]:[1.62, 0.32, 2.60](m)|	 with speed [8.00, 1.56, 1.49](m/s)
[10256]2017.02.27 15:35:50 data income
[10256]2017.02.27 15:35:50 data income
[7032]2017.02.27 15:35:50 ball fly time 0.21|	 now at [x,y,z]:[1.66, 0.32, 2.61](m)|	 with speed [8.00, 1.53, 1.48](m/s)
[10256]2017.02.27 15:35:50 data income
[7032]2017.02.27 15:35:50 ball fly time 0.21|	 now at [x,y,z]:[1.69, 0.32, 2.61](m)|	 with speed [8.00, 1.50, 1.47](m/s)
[10256]2017.02.27 15:35:50 data income
[7032]2017.02.27 15:35:50 ball fly time 0.21|	 now at [x,y,z]:[1.72, 0.32, 2.61](m)|	 with speed [8.00, 1.48, 1.46](m/s)
[10256]2017.02.27 15:35:50 data income
[7032]2017.02.27 15:35:50 ball fly time 0.22|	 now at [x,y,z]:[1.74, 0.32, 2.62](m)|	 with speed [8.00, 1.45, 1.46](m/s)
[10256]2017.02.27 15:35:50 data income
[7032]2017.02.27 15:35:50 ball fly time 0.22|	 now at [x,y,z]:[1.78, 0.32, 2.62](m)|	 with speed [8.00, 1.42, 1.44](m/s)
[7032]2017.02.27 15:35:50 ball fly time 0.23|	 now at [x,y,z]:[1.81, 0.32, 2.62](m)|	 with speed [8.00, 1.39, 1.43](m/s)
[7032]2017.02.27 15:35:50 ball fly time 0.23|	 now at [x,y,z]:[1.84, 0.31, 2.63](m)|	 with speed [8.00, 1.37, 1.42](m/s)
[10256]2017.02.27 15:35:50 data income
[7032]2017.02.27 15:35:50 ball fly time 0.24|	 now at [x,y,z]:[1.91, 0.31, 2.64](m)|	 with speed [8.00, 1.30, 1.40](m/s)
[10256]2017.02.27 15:35:50 data income
[7032]2017.02.27 15:35:50 ball fly time 0.24|	 now at [x,y,z]:[1.94, 0.31, 2.64](m)|	 with speed [8.00, 1.28, 1.39](m/s)
[10256]2017.02.27 15:35:50 data income
[7032]2017.02.27 15:35:50 ball fly time 0.25|	 now at [x,y,z]:[1.97, 0.31, 2.64](m)|	 with speed [8.00, 1.26, 1.39](m/s)
[10256]2017.02.27 15:35:50 data income
[10256]2017.02.27 15:35:50 data income
[10256]2017.02.27 15:35:50 data income
[7032]2017.02.27 15:35:50 ball fly time 0.25|	 now at [x,y,z]:[2.03, 0.30, 2.65](m)|	 with speed [8.00, 1.20, 1.37](m/s)
[10256]2017.02.27 15:35:50 data income
[7032]2017.02.27 15:35:50 ball fly time 0.26|	 now at [x,y,z]:[2.06, 0.30, 2.65](m)|	 with speed [8.00, 1.17, 1.36](m/s)
[10256]2017.02.27 15:35:50 data income
[10256]2017.02.27 15:35:50 data income
[10256]2017.02.27 15:35:50 data income
[10256]2017.02.27 15:35:50 data income
[10256]2017.02.27 15:35:50 data income
[7032]2017.02.27 15:35:50 ball fly time 0.27|	 now at [x,y,z]:[2.19, 0.29, 2.66](m)|	 with speed [8.00, 1.06, 1.32](m/s)
[7032]2017.02.27 15:35:50 ball fly time 0.29|	 now at [x,y,z]:[2.31, 0.27, 2.67](m)|	 with speed [8.00, 0.95, 1.28](m/s)
[7032]2017.02.27 15:35:50 ball fly time 0.30|	 now at [x,y,z]:[2.44, 0.26, 2.68](m)|	 with speed [8.00, 0.84, 1.24](m/s)
[7032]2017.02.27 15:35:50 ball fly time 0.32|	 now at [x,y,z]:[2.56, 0.23, 2.68](m)|	 with speed [8.00, 0.73, 1.20](m/s)
[10256]2017.02.27 15:35:50 data income
[10256]2017.02.27 15:35:50 data income
[10256]2017.02.27 15:35:50 data income
[10256]2017.02.27 15:35:50 data income
[10256]2017.02.27 15:35:50 data income
[10256]2017.02.27 15:35:50 data income
[10256]2017.02.27 15:35:50 data income
[10256]2017.02.27 15:35:50 data income
[10256]2017.02.27 15:35:50 data income
[7032]2017.02.27 15:35:50 ball fly time 0.34|	 now at [x,y,z]:[2.69, 0.21, 2.69](m)|	 with speed [8.00, 0.62, 1.16](m/s)
[7032]2017.02.27 15:35:51 ball fly time 0.35|	 now at [x,y,z]:[2.81, 0.18, 2.69](m)|	 with speed [8.00, 0.51, 1.12](m/s)
[7032]2017.02.27 15:35:51 ball fly time 0.35|	 now at [x,y,z]:[2.84, 0.17, 2.69](m)|	 with speed [8.00, 0.48, 1.11](m/s)
[7032]2017.02.27 15:35:51 ball fly time 0.36|	 now at [x,y,z]:[2.86, 0.17, 2.70](m)|	 with speed [8.00, 0.46, 1.11](m/s)
[7032]2017.02.27 15:35:51 ball fly time 0.37|	 now at [x,y,z]:[2.98, 0.13, 2.70](m)|	 with speed [8.00, 0.35, 1.07](m/s)
[7032]2017.02.27 15:35:51 ball fly time 0.39|	 now at [x,y,z]:[3.11, 0.09, 2.70](m)|	 with speed [8.00, 0.24, 1.03](m/s)
[10256]2017.02.27 15:35:51 data income
[10256]2017.02.27 15:35:51 data income
[10256]2017.02.27 15:35:51 data income
[10256]2017.02.27 15:35:51 data income
[10256]2017.02.27 15:35:51 data income
[10256]2017.02.27 15:35:51 data income
[7032]2017.02.27 15:35:51 ball fly time 0.40|	 now at [x,y,z]:[3.23, 0.05, 2.70](m)|	 with speed [8.00, 0.13, 0.99](m/s)
[7032]2017.02.27 15:35:51 ball fly time 0.42|	 now at [x,y,z]:[3.36, 0.01, 2.70](m)|	 with speed [8.00, 0.02, 0.95](m/s)
[7032]2017.02.27 15:35:51 ball fly time 0.44|	 now at [x,y,z]:[3.48, -0.04, 2.70](m)|	 with speed [8.00, -0.09, 0.91](m/s)
[7032]2017.02.27 15:35:51 ball fly time 0.45|	 now at [x,y,z]:[3.61, -0.09, 2.69](m)|	 with speed [8.00, -0.20, 0.87](m/s)
[7032]2017.02.27 15:35:51 ball fly time 0.46|	 now at [x,y,z]:[3.64, -0.11, 2.69](m)|	 with speed [8.00, -0.23, 0.86](m/s)
[7032]2017.02.27 15:35:51 ball fly time 0.46|	 now at [x,y,z]:[3.66, -0.11, 2.69](m)|	 with speed [8.00, -0.25, 0.86](m/s)
[7032]2017.02.27 15:35:51 ball fly time 0.47|	 now at [x,y,z]:[3.79, -0.17, 2.69](m)|	 with speed [8.00, -0.36, 0.82](m/s)
[10256]2017.02.27 15:35:51 data income
[10256]2017.02.27 15:35:51 data income
[10256]2017.02.27 15:35:51 data income
[10256]2017.02.27 15:35:51 data income
[10256]2017.02.27 15:35:51 data income
[10256]2017.02.27 15:35:51 data income
[10256]2017.02.27 15:35:51 data income
[7032]2017.02.27 15:35:51 ball fly time 0.49|	 now at [x,y,z]:[3.91, -0.23, 2.68](m)|	 with speed [8.00, -0.47, 0.78](m/s)
[7032]2017.02.27 15:35:51 ball fly time 0.50|	 now at [x,y,z]:[4.04, -0.29, 2.67](m)|	 with speed [8.00, -0.58, 0.74](m/s)
[7032]2017.02.27 15:35:51 ball fly time 0.52|	 now at [x,y,z]:[4.16, -0.36, 2.66](m)|	 with speed [8.00, -0.69, 0.70](m/s)
[7032]2017.02.27 15:35:51 ball fly time 0.54|	 now at [x,y,z]:[4.29, -0.43, 2.65](m)|	 with speed [8.00, -0.80, 0.66](m/s)
[7032]2017.02.27 15:35:51 ball fly time 0.55|	 now at [x,y,z]:[4.41, -0.50, 2.64](m)|	 with speed [8.00, -0.92, 0.62](m/s)
[10256]2017.02.27 15:35:51 data income
[7032]2017.02.27 15:35:51 ball fly time 0.55|	 now at [x,y,z]:[4.44, -0.52, 2.64](m)|	 with speed [8.00, -0.94, 0.61](m/s)
[10256]2017.02.27 15:35:51 data income
[7032]2017.02.27 15:35:51 ball fly time 0.56|	 now at [x,y,z]:[4.46, -0.53, 2.64](m)|	 with speed [8.00, -0.96, 0.61](m/s)
[10256]2017.02.27 15:35:51 data income
[10256]2017.02.27 15:35:51 data income
[10256]2017.02.27 15:35:51 data income
[7032]2017.02.27 15:35:51 ball fly time 0.57|	 now at [x,y,z]:[4.58, -0.61, 2.63](m)|	 with speed [8.00, -1.07, 0.57](m/s)
[7032]2017.02.27 15:35:51 ball fly time 0.59|	 now at [x,y,z]:[4.71, -0.69, 2.61](m)|	 with speed [8.00, -1.18, 0.53](m/s)
[7032]2017.02.27 15:35:51 ball fly time 0.60|	 now at [x,y,z]:[4.83, -0.78, 2.60](m)|	 with speed [8.00, -1.29, 0.49](m/s)
[7032]2017.02.27 15:35:51 ball fly time 0.62|	 now at [x,y,z]:[4.96, -0.87, 2.58](m)|	 with speed [8.00, -1.40, 0.45](m/s)
[10256]2017.02.27 15:35:51 data income
[10256]2017.02.27 15:35:51 data income
[10256]2017.02.27 15:35:51 data income
[10256]2017.02.27 15:35:51 data income
[10256]2017.02.27 15:35:51 data income
[10256]2017.02.27 15:35:51 data income
[7032]2017.02.27 15:35:51 ball fly time 0.64|	 now at [x,y,z]:[5.08, -0.96, 2.56](m)|	 with speed [8.00, -1.51, 0.41](m/s)
[7032]2017.02.27 15:35:51 ball fly time 0.65|	 now at [x,y,z]:[5.21, -1.06, 2.54](m)|	 with speed [8.00, -1.62, 0.37](m/s)
[7032]2017.02.27 15:35:51 ball fly time 0.65|	 now at [x,y,z]:[5.23, -1.08, 2.54](m)|	 with speed [8.00, -1.65, 0.36](m/s)
[7032]2017.02.27 15:35:51 ball fly time 0.66|	 now at [x,y,z]:[5.25, -1.09, 2.54](m)|	 with speed [8.00, -1.66, 0.36](m/s)
[7032]2017.02.27 15:35:51 ball fly time 0.66|	 now at [x,y,z]:[5.27, -1.10, 2.53](m)|	 with speed [8.00, -1.67, 0.35](m/s)
[7032]2017.02.27 15:35:51 ball fly time 0.67|	 now at [x,y,z]:[5.39, -1.20, 2.51](m)|	 with speed [8.00, -1.78, 0.32](m/s)
[7032]2017.02.27 15:35:51 ball fly time 0.69|	 now at [x,y,z]:[5.52, -1.31, 2.49](m)|	 with speed [8.00, -1.90, 0.28](m/s)
[10256]2017.02.27 15:35:51 data income
[10256]2017.02.27 15:35:51 data income
[10256]2017.02.27 15:35:51 data income
[10256]2017.02.27 15:35:51 data income
[10256]2017.02.27 15:35:51 data income
[10256]2017.02.27 15:35:51 data income
[10256]2017.02.27 15:35:51 data income
[7032]2017.02.27 15:35:51 ball fly time 0.71|	 now at [x,y,z]:[5.64, -1.41, 2.47](m)|	 with speed [8.00, -2.01, 0.24](m/s)
[7032]2017.02.27 15:35:51 ball fly time 0.72|	 now at [x,y,z]:[5.77, -1.53, 2.44](m)|	 with speed [8.00, -2.12, 0.20](m/s)
[7032]2017.02.27 15:35:51 ball fly time 0.74|	 now at [x,y,z]:[5.89, -1.64, 2.42](m)|	 with speed [8.00, -2.23, 0.16](m/s)
[7032]2017.02.27 15:35:51 ball fly time 0.75|	 now at [x,y,z]:[6.02, -1.76, 2.39](m)|	 with speed [8.00, -2.34, 0.12](m/s)
[7032]2017.02.27 15:35:51 ball fly time 0.76|	 now at [x,y,z]:[6.07, -1.81, 2.38](m)|	 with speed [8.00, -2.39, 0.10](m/s)
[7032]2017.02.27 15:35:51 ball fly time 0.77|	 now at [x,y,z]:[6.19, -1.93, 2.35](m)|	 with speed [8.00, -2.50, 0.06](m/s)
[10256]2017.02.27 15:35:51 data income
[10256]2017.02.27 15:35:51 data income
[10256]2017.02.27 15:35:51 data income
[10256]2017.02.27 15:35:51 data income
[10256]2017.02.27 15:35:51 data income
[10256]2017.02.27 15:35:51 data income
[7032]2017.02.27 15:35:51 ball fly time 0.79|	 now at [x,y,z]:[6.32, -2.06, 2.32](m)|	 with speed [8.00, -2.61, 0.03](m/s)
[7032]2017.02.27 15:35:51 ball fly time 0.81|	 now at [x,y,z]:[6.44, -2.19, 2.29](m)|	 with speed [8.00, -2.72, -0.01](m/s)
[7032]2017.02.27 15:35:51 ball fly time 0.82|	 now at [x,y,z]:[6.57, -2.32, 2.26](m)|	 with speed [8.00, -2.83, -0.05](m/s)
[7032]2017.02.27 15:35:51 ball fly time 0.84|	 now at [x,y,z]:[6.69, -2.46, 2.22](m)|	 with speed [8.00, -2.94, -0.09](m/s)
[7032]2017.02.27 15:35:51 ball fly time 0.85|	 now at [x,y,z]:[6.82, -2.60, 2.19](m)|	 with speed [8.00, -3.05, -0.13](m/s)
[10256]2017.02.27 15:35:51 data income
[7032]2017.02.27 15:35:51 ball fly time 0.86|	 now at [x,y,z]:[6.85, -2.64, 2.18](m)|	 with speed [8.00, -3.08, -0.14](m/s)
[10256]2017.02.27 15:35:51 data income
[7032]2017.02.27 15:35:51 ball fly time 0.86|	 now at [x,y,z]:[6.87, -2.66, 2.17](m)|	 with speed [8.00, -3.10, -0.15](m/s)
[10256]2017.02.27 15:35:51 data income
[10256]2017.02.27 15:35:51 data income
[10256]2017.02.27 15:35:51 data income
[7032]2017.02.27 15:35:51 ball fly time 0.87|	 now at [x,y,z]:[7.00, -2.81, 2.14](m)|	 with speed [8.00, -3.21, -0.19](m/s)
[7032]2017.02.27 15:35:51 ball fly time 0.89|	 now at [x,y,z]:[7.12, -2.95, 2.10](m)|	 with speed [8.00, -3.32, -0.23](m/s)
[7032]2017.02.27 15:35:51 ball fly time 0.91|	 now at [x,y,z]:[7.25, -3.11, 2.06](m)|	 with speed [8.00, -3.43, -0.26](m/s)
[7032]2017.02.27 15:35:51 ball fly time 0.92|	 now at [x,y,z]:[7.37, -3.26, 2.02](m)|	 with speed [8.00, -3.54, -0.30](m/s)
[10256]2017.02.27 15:35:51 data income
[10256]2017.02.27 15:35:51 data income
[10256]2017.02.27 15:35:51 data income
[10256]2017.02.27 15:35:51 data income
[10256]2017.02.27 15:35:51 data income
[10256]2017.02.27 15:35:51 data income
[7032]2017.02.27 15:35:51 ball fly time 0.94|	 now at [x,y,z]:[7.50, -3.42, 1.98](m)|	 with speed [8.00, -3.65, -0.34](m/s)
[7032]2017.02.27 15:35:51 ball fly time 0.95|	 now at [x,y,z]:[7.62, -3.58, 1.94](m)|	 with speed [8.00, -3.76, -0.38](m/s)
[7032]2017.02.27 15:35:51 ball fly time 0.96|	 now at [x,y,z]:[7.65, -3.62, 1.93](m)|	 with speed [8.00, -3.79, -0.39](m/s)
[7032]2017.02.27 15:35:51 ball fly time 0.96|	 now at [x,y,z]:[7.67, -3.65, 1.92](m)|	 with speed [8.00, -3.81, -0.40](m/s)
[7032]2017.02.27 15:35:51 ball fly time 0.97|	 now at [x,y,z]:[7.79, -3.82, 1.88](m)|	 with speed [8.00, -3.92, -0.44](m/s)
[7032]2017.02.27 15:35:51 ball fly time 0.99|	 now at [x,y,z]:[7.92, -3.99, 1.83](m)|	 with speed [8.00, -4.03, -0.47](m/s)
[10256]2017.02.27 15:35:51 data income
[10256]2017.02.27 15:35:51 data income
[10256]2017.02.27 15:35:51 data income
[10256]2017.02.27 15:35:51 data income
[10256]2017.02.27 15:35:51 data income
[10256]2017.02.27 15:35:51 data income
[7032]2017.02.27 15:35:51 ball fly time 1.01|	 now at [x,y,z]:[8.04, -4.16, 1.78](m)|	 with speed [8.00, -4.14, -0.51](m/s)
[7032]2017.02.27 15:35:51 ball fly time 1.02|	 now at [x,y,z]:[8.17, -4.34, 1.74](m)|	 with speed [8.00, -4.25, -0.55](m/s)
[7032]2017.02.27 15:35:51 ball fly time 1.04|	 now at [x,y,z]:[8.29, -4.52, 1.69](m)|	 with speed [8.00, -4.36, -0.59](m/s)
[7032]2017.02.27 15:35:51 ball fly time 1.05|	 now at [x,y,z]:[8.42, -4.71, 1.64](m)|	 with speed [8.00, -4.47, -0.63](m/s)
[7032]2017.02.27 15:35:51 ball fly time 1.06|	 now at [x,y,z]:[8.44, -4.74, 1.63](m)|	 with speed [8.00, -4.49, -0.64](m/s)
[7032]2017.02.27 15:35:51 ball fly time 1.06|	 now at [x,y,z]:[8.47, -4.78, 1.62](m)|	 with speed [8.00, -4.51, -0.65](m/s)
[7032]2017.02.27 15:35:51 ball fly time 1.06|	 now at [x,y,z]:[8.47, -4.79, 1.61](m)|	 with speed [8.00, -4.52, -0.65](m/s)
[7032]2017.02.27 15:35:51 ball fly time 1.07|	 now at [x,y,z]:[8.60, -4.98, 1.56](m)|	 with speed [8.00, -4.63, -0.69](m/s)
[10256]2017.02.27 15:35:51 data income
[10256]2017.02.27 15:35:51 data income
[10256]2017.02.27 15:35:51 data income
[10256]2017.02.27 15:35:51 data income
[10256]2017.02.27 15:35:51 data income
[10256]2017.02.27 15:35:51 data income
[10256]2017.02.27 15:35:51 data income
[10256]2017.02.27 15:35:51 data income
[7032]2017.02.27 15:35:51 ball fly time 1.09|	 now at [x,y,z]:[8.72, -5.17, 1.51](m)|	 with speed [8.00, -4.74, -0.73](m/s)
[7032]2017.02.27 15:35:51 ball fly time 1.11|	 now at [x,y,z]:[8.85, -5.37, 1.45](m)|	 with speed [8.00, -4.85, -0.77](m/s)
[7032]2017.02.27 15:35:51 ball fly time 1.12|	 now at [x,y,z]:[8.98, -5.57, 1.40](m)|	 with speed [8.00, -4.97, -0.80](m/s)
[7032]2017.02.27 15:35:51 ball fly time 1.14|	 now at [x,y,z]:[9.10, -5.77, 1.34](m)|	 with speed [8.00, -5.08, -0.84](m/s)
[7032]2017.02.27 15:35:51 ball fly time 1.15|	 now at [x,y,z]:[9.23, -5.98, 1.28](m)|	 with speed [8.00, -5.19, -0.88](m/s)
[10256]2017.02.27 15:35:51 data income
[7032]2017.02.27 15:35:51 ball fly time 1.16|	 now at [x,y,z]:[9.25, -6.03, 1.27](m)|	 with speed [8.00, -5.21, -0.89](m/s)
[10256]2017.02.27 15:35:51 data income
[7032]2017.02.27 15:35:51 ball fly time 1.16|	 now at [x,y,z]:[9.27, -6.06, 1.26](m)|	 with speed [8.00, -5.23, -0.90](m/s)
[10256]2017.02.27 15:35:51 data income
[10256]2017.02.27 15:35:51 data income
[10256]2017.02.27 15:35:51 data income
[7032]2017.02.27 15:35:51 ball fly time 1.17|	 now at [x,y,z]:[9.40, -6.27, 1.20](m)|	 with speed [8.00, -5.34, -0.94](m/s)
[7032]2017.02.27 15:35:51 ball fly time 1.19|	 now at [x,y,z]:[9.52, -6.49, 1.14](m)|	 with speed [8.00, -5.45, -0.98](m/s)
[7032]2017.02.27 15:35:51 ball fly time 1.21|	 now at [x,y,z]:[9.65, -6.71, 1.08](m)|	 with speed [8.00, -5.56, -1.02](m/s)
[7032]2017.02.27 15:35:51 ball fly time 1.22|	 now at [x,y,z]:[9.77, -6.93, 1.01](m)|	 with speed [8.00, -5.67, -1.05](m/s)
[10256]2017.02.27 15:35:51 data income
[10256]2017.02.27 15:35:51 data income
[10256]2017.02.27 15:35:51 data income
[10256]2017.02.27 15:35:51 data income
[10256]2017.02.27 15:35:51 data income
[10256]2017.02.27 15:35:51 data income
[7032]2017.02.27 15:35:51 ball fly time 1.24|	 now at [x,y,z]:[9.90, -7.16, 0.95](m)|	 with speed [8.00, -5.78, -1.09](m/s)
[7032]2017.02.27 15:35:51 ball fly time 1.25|	 now at [x,y,z]:[10.02, -7.39, 0.88](m)|	 with speed [8.00, -5.90, -1.13](m/s)
[7032]2017.02.27 15:35:51 ball fly time 1.26|	 now at [x,y,z]:[10.05, -7.44, 0.87](m)|	 with speed [8.00, -5.92, -1.14](m/s)
[7032]2017.02.27 15:35:51 ball fly time 1.26|	 now at [x,y,z]:[10.08, -7.48, 0.85](m)|	 with speed [8.00, -5.94, -1.15](m/s)
[7032]2017.02.27 15:35:51 ball fly time 1.26|	 now at [x,y,z]:[10.08, -7.49, 0.85](m)|	 with speed [8.00, -5.95, -1.15](m/s)
[7032]2017.02.27 15:35:51 ball fly time 1.28|	 now at [x,y,z]:[10.20, -7.73, 0.78](m)|	 with speed [8.00, -6.06, -1.19](m/s)
[7032]2017.02.27 15:35:51 ball fly time 1.28|	 now at [x,y,z]:[10.23, -7.77, 0.77](m)|	 with speed [8.00, -6.08, -1.20](m/s)
[7032]2017.02.27 15:35:51 ball fly time 1.28|	 now at [x,y,z]:[10.25, -7.82, 0.76](m)|	 with speed [8.00, -6.10, -1.20](m/s)
[7032]2017.02.27 15:35:51 ball fly time 1.28|	 now at [x,y,z]:[10.27, -7.85, 0.75](m)|	 with speed [8.00, -6.11, -1.21](m/s)
[7032]2017.02.27 15:35:51 ball fly time 1.29|	 now at [x,y,z]:[10.30, -7.91, 0.73](m)|	 with speed [8.00, -6.14, -1.22](m/s)
[7032]2017.02.27 15:35:51 ball fly time 1.29|	 now at [x,y,z]:[10.33, -7.96, 0.72](m)|	 with speed [8.00, -6.16, -1.23](m/s)
[7032]2017.02.27 15:35:51 ball fly time 1.29|	 now at [x,y,z]:[10.35, -8.00, 0.70](m)|	 with speed [8.00, -6.19, -1.23](m/s)
[7032]2017.02.27 15:35:51 ball fly time 1.29|	 now at [x,y,z]:[10.35, -8.01, 0.70](m)|	 with speed [8.00, -6.19, -1.24](m/s)
[7032]2017.02.27 15:35:51 ball fly time 1.31|	 now at [x,y,z]:[10.48, -8.25, 0.63](m)|	 with speed [8.00, -6.30, -1.27](m/s)
[10256]2017.02.27 15:35:51 data income
[10256]2017.02.27 15:35:51 data income
[10256]2017.02.27 15:35:51 data income
[10256]2017.02.27 15:35:51 data income
[10256]2017.02.27 15:35:51 data income
[10256]2017.02.27 15:35:51 data income
[10256]2017.02.27 15:35:51 data income
[10256]2017.02.27 15:35:51 data income
[10256]2017.02.27 15:35:51 data income
[10256]2017.02.27 15:35:51 data income
[10256]2017.02.27 15:35:51 data income
[10256]2017.02.27 15:35:51 data income
[10256]2017.02.27 15:35:51 data income
[7032]2017.02.27 15:35:51 ball fly time 1.33|	 now at [x,y,z]:[10.60, -8.50, 0.56](m)|	 with speed [8.00, -6.41, -1.31](m/s)
[10256]2017.02.27 15:35:51 data income
[7032]2017.02.27 15:35:51 ball fly time 1.34|	 now at [x,y,z]:[10.73, -8.74, 0.49](m)|	 with speed [8.00, -6.52, -1.35](m/s)
[7032]2017.02.27 15:35:52 ball fly time 1.36|	 now at [x,y,z]:[10.85, -9.00, 0.41](m)|	 with speed [8.00, -6.63, -1.39](m/s)
[10256]2017.02.27 15:35:52 data income
[7032]2017.02.27 15:35:52 ball fly time 1.36|	 now at [x,y,z]:[10.88, -9.05, 0.40](m)|	 with speed [8.00, -6.65, -1.40](m/s)
[10256]2017.02.27 15:35:52 data income
[10256]2017.02.27 15:35:52 data income
[7032]2017.02.27 15:35:52 ball fly time 1.38|	 now at [x,y,z]:[11.00, -9.30, 0.32](m)|	 with speed [8.00, -6.76, -1.44](m/s)
[7032]2017.02.27 15:35:52 ball fly time 1.39|	 now at [x,y,z]:[11.13, -9.56, 0.25](m)|	 with speed [8.00, -6.88, -1.48](m/s)
[7032]2017.02.27 15:35:52 ball fly time 1.41|	 now at [x,y,z]:[11.25, -9.83, 0.17](m)|	 with speed [8.00, -6.99, -1.52](m/s)
[7032]2017.02.27 15:35:52 ball fly time 1.41|	 now at [x,y,z]:[11.28, -9.88, 0.15](m)|	 with speed [8.00, -7.01, -1.52](m/s)
[7032]2017.02.27 15:35:52 ball fly time 1.41|	 now at [x,y,z]:[11.30, -9.93, 0.14](m)|	 with speed [8.00, -7.03, -1.53](m/s)
[7032]2017.02.27 15:35:52 ball fly time 1.41|	 now at [x,y,z]:[11.32, -9.97, 0.13](m)|	 with speed [8.00, -7.04, -1.54](m/s)
[7032]2017.02.27 15:35:52 ball fly time 1.42|	 now at [x,y,z]:[11.35, -10.04, 0.11](m)|	 with speed [8.00, -7.07, -1.55](m/s)
[7032]2017.02.27 15:35:52 ball fly time 1.42|	 now at [x,y,z]:[11.37, -10.07, 0.09](m)|	 with speed [8.00, -7.09, -1.55](m/s)
[7032]2017.02.27 15:35:52 ball fly time 1.42|	 now at [x,y,z]:[11.39, -10.12, 0.08](m)|	 with speed [8.00, -7.11, -1.56](m/s)
[7032]2017.02.27 15:35:52 ball fly time 1.43|	 now at [x,y,z]:[11.42, -10.19, 0.06](m)|	 with speed [8.00, -7.14, -1.57](m/s)
[7032]2017.02.27 15:35:52 ball fly time 1.43|	 now at [x,y,z]:[11.44, -10.23, 0.05](m)|	 with speed [8.00, -7.15, -1.57](m/s)
[7032]2017.02.27 15:35:52 ball fly time 1.43|	 now at [x,y,z]:[11.45, -10.25, 0.04](m)|	 with speed [8.00, -7.16, -1.58](m/s)
[7032]2017.02.27 15:35:52 ball full fly time 1.43922|	 landed at [x,y]:[11.51, -10.39](m)
[10256]2017.02.27 15:35:52 data income
[10256]2017.02.27 15:35:52 data income
[10256]2017.02.27 15:35:52 data income
[10256]2017.02.27 15:35:52 data income
[10256]2017.02.27 15:35:52 data income
[10256]2017.02.27 15:35:52 data income
[10256]2017.02.27 15:35:52 data income
[10256]2017.02.27 15:35:52 data income
[10256]2017.02.27 15:35:52 data income
[10256]2017.02.27 15:35:52 data income
[10256]2017.02.27 15:35:52 data income
[10256]2017.02.27 15:35:52 data income
[10256]2017.02.27 15:35:52 data income
[10256]2017.02.27 15:35:52 data income
[10256]2017.02.27 15:35:52 UI thread meets quit request. Means - No more data.
[10256]2017.02.27 15:36:03 Exit by user request.
[7032]2017.02.27 15:36:03 Simulation done
