Build started 27.02.2017 15:35:48.
     1>Project "d:\Study\GitHub\1\ThrowingTheBall.vcxproj" on node 2 (Build target(s)).
     1>ClCompile:
         C:\Program Files (x86)\Microsoft Visual Studio 12.0\VC\bin\CL.exe /c /Id:\Study\GitHub\1\ui_specific\ /Id:\Study\GitHub\1\ /ZI /nologo /W3 /WX- /Od /Oy- /D TROWING_BALL_EXECUTABLE /D WIN32 /D _DEBUG /D _UNICODE /D UNICODE /Gm /EHsc /RTC1 /MDd /GS /fp:precise /Zc:wchar_t /Zc:forScope /Yc"stdafx.h" /Fp"Debug\ThrowingTheBall.pch" /Fo"Debug\\" /Fd"Debug\vc120.pdb" /Gd /TP /analyze- /errorReport:prompt stdafx.cpp
         stdafx.cpp
         C:\Program Files (x86)\Microsoft Visual Studio 12.0\VC\bin\CL.exe /c /Id:\Study\GitHub\1\ui_specific\ /Id:\Study\GitHub\1\ /ZI /nologo /W3 /WX- /Od /Oy- /D TROWING_BALL_EXECUTABLE /D WIN32 /D _DEBUG /D _UNICODE /D UNICODE /Gm /EHsc /RTC1 /MDd /GS /fp:precise /Zc:wchar_t /Zc:forScope /Yu"stdafx.h" /Fp"Debug\ThrowingTheBall.pch" /Fo"Debug\\" /Fd"Debug\vc120.pdb" /Gd /TP /analyze- /errorReport:prompt Logger.cpp MyButton.cpp Parameter_Parser.cpp sync.cpp ThrowingTheBall.cpp ui_specific\all_messages.cpp ui_specific\AxisSelector.cpp ui_specific\DrawBuffer.cpp ui_specific\DrawField.cpp ui_specific\GdiObject.cpp ui_specific\DrawingDialog.cpp ui_specific\message_queue.cpp ui_specific\thread_with_winfow.cpp
         thread_with_winfow.cpp
         message_queue.cpp
         DrawingDialog.cpp
         GdiObject.cpp
         DrawField.cpp
         DrawBuffer.cpp
         AxisSelector.cpp
         all_messages.cpp
         ThrowingTheBall.cpp
         sync.cpp
         Parameter_Parser.cpp
         MyButton.cpp
         Logger.cpp
         Generating Code...
       ResourceCompile:
         C:\Program Files (x86)\Windows Kits\8.1\bin\x86\rc.exe /D _UNICODE /D UNICODE /l"0x0409" /nologo /fo"Debug\ThrowingTheBall.res" ThrowingTheBall.rc 
       Link:
         C:\Program Files (x86)\Microsoft Visual Studio 12.0\VC\bin\link.exe /ERRORREPORT:PROMPT /OUT:"D:\Study\GitHub\1\Debug\ThrowingTheBall.exe" /INCREMENTAL /NOLOGO kernel32.lib user32.lib gdi32.lib winspool.lib comdlg32.lib advapi32.lib shell32.lib ole32.lib oleaut32.lib uuid.lib odbc32.lib odbccp32.lib /MANIFEST /MANIFESTUAC:"level='asInvoker' uiAccess='false'" /manifest:embed /DEBUG /PDB:"D:\Study\GitHub\1\Debug\ThrowingTheBall.pdb" /SUBSYSTEM:CONSOLE /TLBID:1 /DYNAMICBASE /NXCOMPAT /IMPLIB:"D:\Study\GitHub\1\Debug\ThrowingTheBall.lib" /MACHINE:X86 Debug\ThrowingTheBall.res
         Debug\Logger.obj
         Debug\MyButton.obj
         Debug\Parameter_Parser.obj
         Debug\stdafx.obj
         Debug\sync.obj
         Debug\ThrowingTheBall.obj
         Debug\all_messages.obj
         Debug\AxisSelector.obj
         Debug\DrawBuffer.obj
         Debug\DrawField.obj
         Debug\GdiObject.obj
         Debug\DrawingDialog.obj
         Debug\message_queue.obj
         Debug\thread_with_winfow.obj
         ThrowingTheBall.vcxproj -> D:\Study\GitHub\1\Debug\ThrowingTheBall.exe
     1>Done Building Project "d:\Study\GitHub\1\ThrowingTheBall.vcxproj" (Build target(s)).

Build succeeded.

Time Elapsed 00:00:02.16
